<html>
<body>
<pre>
<h1>µVision Build Log</h1>
<h2>Tool Versions:</h2>
IDE-Version: ¦ÌVision V5.25.2.0
Copyright (C) 2018 ARM Ltd and ARM Germany GmbH. All rights reserved.
License Information: yk yk15281095690@163.com, yk, LIC=8MZ56-DY3X7-PFWIX-HGHL8-9CML8-65JFL
 
Tool Versions:
Toolchain:       MDK-ARM Professional  Version: 5.25.2.0
Toolchain Path:  E:\MDK\ARM\ARMCC\Bin
C Compiler:      Armcc.exe V5.06 update 6 (build 750)
Assembler:       Armasm.exe V5.06 update 6 (build 750)
Linker/Locator:  ArmLink.exe V5.06 update 6 (build 750)
Library Manager: ArmAr.exe V5.06 update 6 (build 750)
Hex Converter:   FromElf.exe V5.06 update 6 (build 750)
CPU DLL:         SARMCM3.DLL V5.25.2.0
Dialog DLL:      DCM.DLL V1.17.1.0
Target DLL:      Segger\JL2CM3.dll V2.99.29.0
Dialog DLL:      TCM.DLL V1.35.1.0
 
<h2>Project:</h2>
D:\GitHubFiles\Yinke7\STM32\Project\NFC\SoftWare\nfcV1.1\MDK-ARM\nfcV1.1.uvprojx
Project File Date:  03/12/2021

<h2>Output:</h2>
*** Using Compiler 'V5.06 update 6 (build 750)', folder: 'E:\MDK\ARM\ARMCC\Bin'
Rebuild target 'nfcV1.1'
assembling startup_stm32f103xg.s...
compiling stm32f1xx_hal_cortex.c...
compiling stm32f1xx_hal_gpio.c...
compiling stm32f1xx_hal.c...
compiling stm32f1xx_hal_rcc.c...
compiling stm32f1xx_hal_flash_ex.c...
compiling stm32f1xx_hal_spi.c...
compiling stm32f1xx_hal_gpio_ex.c...
compiling stm32f1xx_hal_flash.c...
compiling stm32f1xx_hal_rcc_ex.c...
compiling stm32f1xx_hal_dma.c...
compiling stm32f1xx_hal_pwr.c...
compiling stm32f1xx_it.c...
compiling mcc.c...
..\Library\USB-FS-Device_Driver\inc\usb_core.h(243): error:  #20: identifier "__IO" is undefined
  extern __IO uint16_t SaveRState;
..\Library\USB-FS-Device_Driver\inc\usb_core.h(243): error:  #101: "uint16_t" has already been declared in the current scope
  extern __IO uint16_t SaveRState;
..\Library\USB-FS-Device_Driver\inc\usb_core.h(243): error:  #65: expected a ";"
  extern __IO uint16_t SaveRState;
..\Library\USB-FS-Device_Driver\inc\usb_core.h(244): error:  #20: identifier "__IO" is undefined
  extern __IO uint16_t SaveTState;
..\Library\USB-FS-Device_Driver\inc\usb_core.h(244): error:  #65: expected a ";"
  extern __IO uint16_t SaveTState;
..\Library\USB_Composite\inc\usb_pwr.h(55): error:  #20: identifier "__IO" is undefined
  extern  __IO uint32_t bDeviceState; /* USB device status */
..\Library\USB_Composite\inc\usb_pwr.h(55): error:  #101: "uint32_t" has already been declared in the current scope
  extern  __IO uint32_t bDeviceState; /* USB device status */
..\Library\USB_Composite\inc\usb_pwr.h(55): error:  #65: expected a ";"
  extern  __IO uint32_t bDeviceState; /* USB device status */
..\Library\USB_Composite\inc\usb_pwr.h(56): error:  #260-D: explicit type is missing ("int" assumed)
  extern __IO bool fSuspendEnabled;  /* true when suspend is possible */
..\Library\USB_Composite\inc\usb_pwr.h(56): error:  #65: expected a ";"
  extern __IO bool fSuspendEnabled;  /* true when suspend is possible */
../Application/inc/hw_config.h(154): error:  #757: variable "uint16_t"  is not a type name
  void delay_ms											( uint16_t delay );
../Application/inc/hw_config.h(155): error:  #757: variable "uint16_t"  is not a type name
  void delay_us											( uint16_t delay );
../Application/inc/hw_config.h(156): error:  #757: variable "uint16_t"  is not a type name
  void delayHighPriority_ms					( uint16_t delay );
../Library/95HF/inc/drv_spi.h(30): error:  #20: identifier "SPI_TypeDef" is undefined
  void SPI_SendByte(SPI_TypeDef* SPIx, uint8_t data);
../Library/95HF/inc/drv_spi.h(31): error:  #20: identifier "SPI_TypeDef" is undefined
  void SPI_SendWord(SPI_TypeDef* SPIx, uint16_t data);
../Library/95HF/inc/drv_spi.h(31): error:  #757: variable "uint16_t"  is not a type name
  void SPI_SendWord(SPI_TypeDef* SPIx, uint16_t data);
../Library/95HF/inc/drv_spi.h(33): error:  #20: identifier "SPI_TypeDef" is undefined
  uint8_t SPI_SendReceiveByte		(SPI_TypeDef* SPIx, uint8_t data); 
../Library/95HF/inc/drv_spi.h(34): error:  #20: identifier "SPI_TypeDef" is undefined
  void 		SPI_SendReceiveBuffer	(SPI_TypeDef* SPIx, uc8 *pCommand, uint16_t length, uint8_t *pResponse);
../Library/95HF/inc/drv_spi.h(34): error:  #757: variable "uint16_t"  is not a type name
  void 		SPI_SendReceiveBuffer	(SPI_TypeDef* SPIx, uc8 *pCommand, uint16_t length, uint8_t *pResponse);
../Drivers/CMSIS/Include/cmsis_armcc.h(130): error:  #757: variable "uint32_t"  is not a type name
  __STATIC_INLINE uint32_t __get_CONTROL(void)
../Drivers/CMSIS/Include/cmsis_armcc.h(132): error:  #757: variable "uint32_t"  is not a type name
    register uint32_t __regControl         __ASM("control");
../Drivers/CMSIS/Include/cmsis_armcc.h(142): error:  #757: variable "uint32_t"  is not a type name
  __STATIC_INLINE void __set_CONTROL(uint32_t control)
../Drivers/CMSIS/Include/cmsis_armcc.h(144): error:  #757: variable "uint32_t"  is not a type name
    register uint32_t __regControl         __ASM("control");
../Drivers/CMSIS/Include/cmsis_armcc.h(154): error:  #757: variable "uint32_t"  is not a type name
  __STATIC_INLINE uint32_t __get_IPSR(void)
../Drivers/CMSIS/Include/cmsis_armcc.h(156): error:  #757: variable "uint32_t"  is not a type name
    register uint32_t __regIPSR          __ASM("ipsr");
../Drivers/CMSIS/Include/cmsis_armcc.h(166): error:  #757: variable "uint32_t"  is not a type name
  __STATIC_INLINE uint32_t __get_APSR(void)
../Drivers/CMSIS/Include/cmsis_armcc.h(168): error:  #757: variable "uint32_t"  is not a type name
    register uint32_t __regAPSR          __ASM("apsr");
../Drivers/CMSIS/Include/cmsis_armcc.h(178): error:  #757: variable "uint32_t"  is not a type name
  __STATIC_INLINE uint32_t __get_xPSR(void)
../Drivers/CMSIS/Include/cmsis_armcc.h(180): error:  #757: variable "uint32_t"  is not a type name
    register uint32_t __regXPSR          __ASM("xpsr");
../Drivers/CMSIS/Include/cmsis_armcc.h(190): error:  #757: variable "uint32_t"  is not a type name
  __STATIC_INLINE uint32_t __get_PSP(void)
..\mcc_src\mcc.c: 0 warnings, 30 errors
compiling stm32f1xx_hal_uart.c...
compiling main.c...
compiling stm32f1xx_hal_exti.c...
compiling stm32f1xx_hal_tim.c...
compiling stm32f1xx_hal_msp.c...
compiling system_stm32f1xx.c...
compiling gpio.c...
compiling stm32f1xx_hal_tim_ex.c...
compiling usart.c...
compiling spi.c...
../Core/Src/spi.c(223): warning:  #177-D: variable "rxdata"  was declared but never referenced
  		uint8_t rxdata;
../Core/Src/spi.c(225): warning:  #177-D: variable "datatx"  was declared but never referenced
  		uint8_t datatx[17] = {0xff};
../Core/Src/spi.c(227): warning:  #177-D: variable "cnt"  was declared but never referenced
  		uint8_t cnt = 0;
../Core/Src/spi.c(490): warning:  #177-D: variable "uid_len"  was declared but never referenced
      uint8_t uid_len = 4;
../Core/Src/spi.c(712): warning:  #111-D: statement is unreachable
      return 1;
../Core/Src/spi.c: 5 warnings, 0 errors
"nfcV1.1\nfcV1.1" - 30 Error(s), 5 Warning(s).

<h2>Software Packages used:</h2>

Package Vendor: ARM
                http://www.keil.com/pack/ARM.CMSIS.5.3.0.pack
                ARM.CMSIS.5.3.0
                CMSIS (Cortex Microcontroller Software Interface Standard)
   * Component: CORE Version: 5.1.1

Package Vendor: Keil
                http://www.keil.com/pack/Keil.STM32F1xx_DFP.2.3.0.pack
                Keil.STM32F1xx_DFP.2.3.0
                STMicroelectronics STM32F1 Series Device Support, Drivers and Examples

<h2>Collection of Component include folders:</h2>
  .\RTE\_nfcV1.1
  E:\MDK\ARM\PACK\ARM\CMSIS\5.3.0\CMSIS\Include
  E:\MDK\ARM\PACK\Keil\STM32F1xx_DFP\2.3.0\Device\Include

<h2>Collection of Component Files used:</h2>

   * Component: ARM::CMSIS:CORE:5.1.1
Target not created.
Build Time Elapsed:  00:00:07
</pre>
</body>
</html>
